<?xml version="1.0" encoding="UTF-8"?>
<testsuite name="com.blake.practice.sumNumbers.MoriohChoTest" tests="1" skipped="0" failures="0" errors="0" timestamp="2020-01-12T23:26:21" hostname="pop-os" time="0.104">
  <properties/>
  <testcase name="iteration()" classname="com.blake.practice.sumNumbers.MoriohChoTest" time="0.104"/>
  <system-out><![CDATA[Wha-
Wha-
Wha-
Wha-
Wha-
Wha-
Wha-
Wha-
Wha-
Wha-
Wha-
Wha-
Wha-
Wha-
Wha-
Wha-
Wha-
Wha-
Wha-
Wha-
Wha-
Wha-
Wha-
Wha-
Wha-
Wha-
Wha-
Wha-
Wha-
Wha-
Wha-
Wha-
Wha-
Wha-
Wha-
Wha-
Wha-
Wha-
Wha-
Wha-
Wha-
Wha-
Wha-
Wha-
Wha-
Wha-
Wha-
Wha-
Wha-
Wha-
Wha-
Wha-
Wha-
Wha-
Wha-
Wha-
Wha-
Wha-
Wha-
Wha-
Wha-
Wha-
Wha-
Wha-
Wha-
Wha-
Wha-
Wha-
Wha-
Wha-
Wha-
Wha-
Wha-
Wha-
Wha-
Wha-
Wha-
Wha-
Wha-
Wha-
Wha-
Wha-
Wha-
Wha-
Wha-
Wha-
Wha-
Wha-
Wha-
Wha-
Wha-
Wha-
Wha-
Wha-
Wha-
Wha-
Wha-
Wha-
Wha-
Wha-
Wha-
]]></system-out>
  <system-err><![CDATA[]]></system-err>
</testsuite>
